生成启动时间为 2017/8/29 15:38:47。
     1>项目“C:\Users\houqh13\Documents\git\robotCTedu\robotCTedu\robotCTedu.vcxproj”在节点 2 上(Build 个目标)。
     1>ClCompile:
         C:\Program Files (x86)\Microsoft Visual Studio 11.0\VC\bin\CL.exe /c /ZI /nologo /W3 /WX- /Od /Oy- /D WIN32 /D _DEBUG /D _CONSOLE /D _UNICODE /D UNICODE /Gm /EHsc /RTC1 /MDd /GS /fp:precise /Zc:wchar_t /Zc:forScope /Fo"Debug\\" /Fd"Debug\vc110.pdb" /Gd /TP /analyze- /errorReport:prompt main.cpp timer.cpp
         timer.cpp
     1>c:\users\houqh13\documents\git\robotctedu\robotctedu\timer.cpp(31): error C2065: “cout”: 未声明的标识符
     1>c:\users\houqh13\documents\git\robotctedu\robotctedu\timer.cpp(31): error C2065: “endl”: 未声明的标识符
         main.cpp
         正在生成代码...
     1>已完成生成项目“C:\Users\houqh13\Documents\git\robotCTedu\robotCTedu\robotCTedu.vcxproj”(Build 个目标)的操作 - 失败。

生成失败。

已用时间 00:00:03.56
